<?xml version="1.0" encoding="UTF-8"?>
<!-- Generated by org.testng.reporters.JUnitReportReporter -->
<testsuite hostname="Matias" failures="0" tests="1" name="reports.NewTest3" time="26.430" errors="0" timestamp="2023-03-30T12:38:55 CLST" skipped="0">
  <testcase classname="reports.NewTest3" name="registro3" time="26.430"/>
  <system-out/>
</testsuite> <!-- reports.NewTest3 -->
