<?xml version="1.0" encoding="UTF-8"?>
<!-- Generated by org.testng.reporters.JUnitReportReporter -->
<testsuite hostname="Matias" failures="0" tests="1" name="reports.NewTest2" time="25.185" errors="0" timestamp="2023-03-30T12:38:55 CLST" skipped="0">
  <testcase classname="reports.NewTest2" name="registro2" time="25.185"/>
  <system-out/>
</testsuite> <!-- reports.NewTest2 -->
