<?xml version="1.0" encoding="UTF-8"?>
<!-- Generated by org.testng.reporters.JUnitReportReporter -->
<testsuite hostname="Matias" failures="0" tests="1" name="reports.NewTest" time="27.441" errors="0" timestamp="2023-03-30T12:38:55 CLST" skipped="0">
  <testcase classname="reports.NewTest" name="registro1" time="27.441"/>
  <system-out/>
</testsuite> <!-- reports.NewTest -->
