<?xml version="1.0" encoding="UTF-8"?>
<!-- Generated by org.testng.reporters.JUnitReportReporter -->
<testsuite hostname="Matias" failures="0" tests="1" name="RegisterTestNg.TestNG" time="30.877" errors="0" timestamp="2023-03-29T20:38:25 CLST" skipped="0">
  <testcase classname="RegisterTestNg.TestNG" name="f" time="30.877"/>
  <system-out/>
</testsuite> <!-- RegisterTestNg.TestNG -->
